TN:
SF:src/domain/entities/log.entity.ts
FN:20,LogEntity
FN:28,Object.<anonymous>.LogEntity.fromJson
FN:44,Object.<anonymous>.LogEntity.fromObject
FNF:3
FNH:2
FNDA:14,LogEntity
FNDA:8,Object.<anonymous>.LogEntity.fromJson
FNDA:0,Object.<anonymous>.LogEntity.fromObject
DA:1,1
DA:2,1
DA:3,1
DA:4,1
DA:5,1
DA:6,1
DA:7,1
DA:8,1
DA:9,1
DA:10,1
DA:11,1
DA:12,1
DA:13,1
DA:14,1
DA:15,1
DA:16,1
DA:17,1
DA:18,1
DA:19,1
DA:20,1
DA:21,14
DA:22,14
DA:23,14
DA:24,14
DA:25,14
DA:26,14
DA:27,1
DA:28,1
DA:29,8
DA:30,8
DA:31,8
DA:32,8
DA:33,8
DA:34,8
DA:35,8
DA:36,8
DA:37,8
DA:38,8
DA:39,8
DA:40,8
DA:41,8
DA:42,8
DA:43,1
DA:44,1
DA:45,0
DA:46,0
DA:47,0
DA:48,0
DA:49,0
DA:50,0
DA:51,1
LF:51
LH:45
BRDA:1,0,0,1
BRDA:20,1,0,14
BRDA:28,2,0,8
BRDA:29,3,0,3
BRDA:29,4,0,5
BRF:5
BRH:5
end_of_record
TN:
SF:src/infrastructure/datasources/file-system.datasource.ts
FN:15,FileSystemDatasource
FN:19,FileSystemDatasource.createLogsFiles
FN:49,FileSystemDatasource.getLogsFromFile
FN:35,saveLog
FN:60,getLogs
FNF:5
FNH:5
FNDA:5,FileSystemDatasource
FNDA:5,FileSystemDatasource.createLogsFiles
FNDA:3,FileSystemDatasource.getLogsFromFile
FNDA:6,saveLog
FNDA:3,getLogs
DA:1,1
DA:2,1
DA:3,1
DA:4,1
DA:5,1
DA:6,1
DA:7,1
DA:8,1
DA:9,1
DA:10,1
DA:11,1
DA:12,1
DA:13,1
DA:14,1
DA:15,1
DA:16,5
DA:17,5
DA:18,1
DA:19,1
DA:20,5
DA:21,5
DA:22,5
DA:23,5
DA:24,5
DA:25,5
DA:26,5
DA:27,5
DA:28,15
DA:29,15
DA:30,15
DA:31,15
DA:32,5
DA:33,1
DA:34,1
DA:35,1
DA:36,6
DA:37,6
DA:38,6
DA:39,6
DA:40,6
DA:41,4
DA:42,6
DA:43,2
DA:44,2
DA:45,2
DA:46,2
DA:47,6
DA:48,1
DA:49,1
DA:50,3
DA:51,3
DA:52,3
DA:53,3
DA:54,3
DA:55,3
DA:56,3
DA:57,3
DA:58,1
DA:59,1
DA:60,1
DA:61,3
DA:62,3
DA:63,1
DA:64,3
DA:65,1
DA:66,3
DA:67,1
DA:68,3
DA:69,3
DA:70,0
DA:71,3
DA:72,3
DA:73,1
LF:73
LH:72
BRDA:15,0,0,5
BRDA:19,1,0,5
BRDA:27,2,0,15
BRDA:28,3,0,0
BRDA:49,4,0,3
BRDA:51,5,0,0
BRDA:55,6,0,8
BRDA:35,7,0,6
BRDA:40,8,0,2
BRDA:41,9,0,4
BRDA:42,10,0,2
BRDA:60,11,0,3
BRDA:62,12,0,1
BRDA:64,13,0,1
BRDA:66,14,0,1
BRDA:69,15,0,0
BRF:16
BRH:13
end_of_record
